[2013-03-15 07:48:43] INFO  WEBrick 1.3.1
[2013-03-15 07:48:43] INFO  ruby 1.9.2 (2011-07-09) [i686-linux]
[2013-03-15 07:48:43] INFO  WEBrick::HTTPServer#start: pid=2412 port=3000
[2013-03-15 07:59:24] INFO  going to shutdown ...
[2013-03-15 07:59:24] INFO  WEBrick::HTTPServer#start done.
[2013-03-15 09:27:17] INFO  WEBrick 1.3.1
[2013-03-15 09:27:17] INFO  ruby 1.9.2 (2011-07-09) [i686-linux]
[2013-03-15 09:27:17] INFO  WEBrick::HTTPServer#start: pid=2719 port=3000
[2013-03-15 09:27:35] INFO  going to shutdown ...
[2013-03-15 09:27:35] INFO  WEBrick::HTTPServer#start done.
[2013-03-16 17:40:51] INFO  WEBrick 1.3.1
[2013-03-16 17:40:51] INFO  ruby 1.9.2 (2011-07-09) [i686-linux]
[2013-03-16 17:40:51] INFO  WEBrick::HTTPServer#start: pid=2733 port=3000
[2013-03-16 17:41:20] INFO  going to shutdown ...
[2013-03-16 17:41:20] INFO  WEBrick::HTTPServer#start done.
[2013-03-16 18:12:01] INFO  WEBrick 1.3.1
[2013-03-16 18:12:01] INFO  ruby 1.9.2 (2011-07-09) [i686-linux]
[2013-03-16 18:12:01] INFO  WEBrick::HTTPServer#start: pid=2821 port=3000
[2013-03-16 18:25:12] INFO  going to shutdown ...
[2013-03-16 18:25:12] INFO  WEBrick::HTTPServer#start done.
[2013-03-16 18:25:19] INFO  WEBrick 1.3.1
[2013-03-16 18:25:19] INFO  ruby 1.9.2 (2011-07-09) [i686-linux]
[2013-03-16 18:25:19] INFO  WEBrick::HTTPServer#start: pid=2932 port=3000
[2013-03-16 18:26:24] INFO  going to shutdown ...
[2013-03-16 18:26:24] INFO  WEBrick::HTTPServer#start done.
[2013-03-16 18:26:30] INFO  WEBrick 1.3.1
[2013-03-16 18:26:30] INFO  ruby 1.9.2 (2011-07-09) [i686-linux]
[2013-03-16 18:26:30] INFO  WEBrick::HTTPServer#start: pid=2947 port=3000
[2013-03-16 18:26:50] INFO  going to shutdown ...
[2013-03-16 18:26:50] INFO  WEBrick::HTTPServer#start done.
[2013-03-16 18:26:56] INFO  WEBrick 1.3.1
[2013-03-16 18:26:56] INFO  ruby 1.9.2 (2011-07-09) [i686-linux]
[2013-03-16 18:26:56] INFO  WEBrick::HTTPServer#start: pid=2960 port=3000
[2013-03-16 18:28:07] INFO  going to shutdown ...
[2013-03-16 18:28:07] INFO  WEBrick::HTTPServer#start done.
[2013-03-16 18:28:13] INFO  WEBrick 1.3.1
[2013-03-16 18:28:13] INFO  ruby 1.9.2 (2011-07-09) [i686-linux]
[2013-03-16 18:28:13] INFO  WEBrick::HTTPServer#start: pid=2976 port=3000
[2013-03-16 18:29:26] INFO  going to shutdown ...
[2013-03-16 18:29:26] INFO  WEBrick::HTTPServer#start done.
[2013-03-16 18:31:45] INFO  WEBrick 1.3.1
[2013-03-16 18:31:45] INFO  ruby 1.9.2 (2011-07-09) [i686-linux]
[2013-03-16 18:31:45] INFO  WEBrick::HTTPServer#start: pid=3020 port=3000
[2013-03-16 18:33:26] INFO  going to shutdown ...
[2013-03-16 18:33:26] INFO  WEBrick::HTTPServer#start done.
[2013-03-16 18:33:31] INFO  WEBrick 1.3.1
[2013-03-16 18:33:31] INFO  ruby 1.9.2 (2011-07-09) [i686-linux]
[2013-03-16 18:33:31] INFO  WEBrick::HTTPServer#start: pid=3068 port=3000
[2013-03-16 18:40:34] INFO  going to shutdown ...
[2013-03-16 18:40:34] INFO  WEBrick::HTTPServer#start done.
[2013-03-16 18:40:40] INFO  WEBrick 1.3.1
[2013-03-16 18:40:40] INFO  ruby 1.9.2 (2011-07-09) [i686-linux]
[2013-03-16 18:40:40] INFO  WEBrick::HTTPServer#start: pid=3157 port=3000
[2013-03-16 18:45:40] INFO  going to shutdown ...
[2013-03-16 18:45:40] INFO  WEBrick::HTTPServer#start done.
[2013-03-16 18:46:32] INFO  WEBrick 1.3.1
[2013-03-16 18:46:32] INFO  ruby 1.9.2 (2011-07-09) [i686-linux]
[2013-03-16 18:46:32] INFO  WEBrick::HTTPServer#start: pid=3182 port=3000
[2013-03-16 18:48:12] INFO  going to shutdown ...
[2013-03-16 18:48:12] INFO  WEBrick::HTTPServer#start done.
[2013-03-16 18:48:19] INFO  WEBrick 1.3.1
[2013-03-16 18:48:19] INFO  ruby 1.9.2 (2011-07-09) [i686-linux]
[2013-03-16 18:48:19] INFO  WEBrick::HTTPServer#start: pid=3210 port=3000
[2013-03-16 18:48:43] INFO  going to shutdown ...
[2013-03-16 18:48:43] INFO  WEBrick::HTTPServer#start done.
[2013-03-16 18:48:50] INFO  WEBrick 1.3.1
[2013-03-16 18:48:50] INFO  ruby 1.9.2 (2011-07-09) [i686-linux]
[2013-03-16 18:48:50] INFO  WEBrick::HTTPServer#start: pid=3219 port=3000
[2013-03-16 18:49:17] INFO  going to shutdown ...
[2013-03-16 18:49:17] INFO  WEBrick::HTTPServer#start done.
[2013-03-16 18:52:28] INFO  WEBrick 1.3.1
[2013-03-16 18:52:28] INFO  ruby 1.9.2 (2011-07-09) [i686-linux]
[2013-03-16 18:52:28] INFO  WEBrick::HTTPServer#start: pid=3246 port=3000
[2013-03-16 19:01:21] INFO  going to shutdown ...
[2013-03-16 19:01:21] INFO  WEBrick::HTTPServer#start done.
[2013-03-16 19:01:34] INFO  WEBrick 1.3.1
[2013-03-16 19:01:34] INFO  ruby 1.9.2 (2011-07-09) [i686-linux]
[2013-03-16 19:01:34] INFO  WEBrick::HTTPServer#start: pid=3336 port=3000
[2013-03-16 19:45:16] INFO  going to shutdown ...
[2013-03-16 19:45:16] INFO  WEBrick::HTTPServer#start done.
[2013-03-20 07:53:26] INFO  WEBrick 1.3.1
[2013-03-20 07:53:26] INFO  ruby 1.9.2 (2011-07-09) [i686-linux]
[2013-03-20 07:53:26] INFO  WEBrick::HTTPServer#start: pid=2454 port=3000
[2013-03-20 08:46:59] INFO  going to shutdown ...
[2013-03-20 08:46:59] INFO  WEBrick::HTTPServer#start done.
[2013-03-20 09:20:54] INFO  WEBrick 1.3.1
[2013-03-20 09:20:54] INFO  ruby 1.9.2 (2011-07-09) [i686-linux]
[2013-03-20 09:20:54] INFO  WEBrick::HTTPServer#start: pid=3085 port=3000
[2013-03-20 09:27:17] INFO  going to shutdown ...
[2013-03-20 09:27:17] INFO  WEBrick::HTTPServer#start done.
[2013-03-20 09:31:02] INFO  WEBrick 1.3.1
[2013-03-20 09:31:02] INFO  ruby 1.9.2 (2011-07-09) [i686-linux]
[2013-03-20 09:31:02] INFO  WEBrick::HTTPServer#start: pid=3134 port=3000
[2013-03-20 09:31:19] INFO  going to shutdown ...
[2013-03-20 09:31:19] INFO  WEBrick::HTTPServer#start done.
[2013-03-20 09:41:26] INFO  WEBrick 1.3.1
[2013-03-20 09:41:26] INFO  ruby 1.9.2 (2011-07-09) [i686-linux]
[2013-03-20 09:41:26] INFO  WEBrick::HTTPServer#start: pid=3173 port=3000
[2013-03-20 09:53:19] INFO  going to shutdown ...
[2013-03-20 09:53:19] INFO  WEBrick::HTTPServer#start done.
[2013-03-20 10:35:44] INFO  WEBrick 1.3.1
[2013-03-20 10:35:44] INFO  ruby 1.9.2 (2011-07-09) [i686-linux]
[2013-03-20 10:35:44] INFO  WEBrick::HTTPServer#start: pid=3386 port=3000
[2013-03-20 10:39:00] INFO  going to shutdown ...
[2013-03-20 10:39:00] INFO  WEBrick::HTTPServer#start done.
[2013-03-20 10:58:40] INFO  WEBrick 1.3.1
[2013-03-20 10:58:40] INFO  ruby 1.9.2 (2011-07-09) [i686-linux]
[2013-03-20 10:58:40] INFO  WEBrick::HTTPServer#start: pid=3449 port=3000
[2013-03-20 11:00:06] INFO  going to shutdown ...
[2013-03-20 11:00:06] INFO  WEBrick::HTTPServer#start done.
/home/ubuntu/hw2_rottenpotatoes/app/controllers/movies_controller.rb:26: warning: else without rescue is useless
[2013-03-20 11:09:40] INFO  WEBrick 1.3.1
[2013-03-20 11:09:40] INFO  ruby 1.9.2 (2011-07-09) [i686-linux]
[2013-03-20 11:09:40] INFO  WEBrick::HTTPServer#start: pid=3485 port=3000
[2013-03-20 11:13:07] INFO  going to shutdown ...
[2013-03-20 11:13:08] INFO  WEBrick::HTTPServer#start done.
[2013-03-20 11:20:29] INFO  WEBrick 1.3.1
[2013-03-20 11:20:29] INFO  ruby 1.9.2 (2011-07-09) [i686-linux]
[2013-03-20 11:20:29] INFO  WEBrick::HTTPServer#start: pid=3537 port=3000
[2013-03-20 11:22:55] INFO  going to shutdown ...
[2013-03-20 11:22:55] INFO  WEBrick::HTTPServer#start done.
